#
# A fatal error has been detected by the Java Runtime Environment:
#
#  SIGSEGV (0xb) at pc=0x00000001291895dd, pid=1837, tid=1811
#
# JRE version: Java(TM) SE Runtime Environment (8.0_40-b26) (build 1.8.0_40-b26)
# Java VM: Java HotSpot(TM) 64-Bit Server VM (25.40-b25 mixed mode bsd-amd64 compressed oops)
# Problematic frame:
# C  [libglass.dylib+0x155dd]  GlassScreenDidChangeScreenParameters+0x9d
#
# Failed to write core dump. Core dumps have been disabled. To enable core dumping, try "ulimit -c unlimited" before starting Java again
#
# If you would like to submit a bug report, please visit:
#   http://bugreport.java.com/bugreport/crash.jsp
#

---------------  T H R E A D  ---------------

Current thread is native thread

siginfo: si_signo: 11 (SIGSEGV), si_code: 1 (SEGV_MAPERR), si_addr: 0x0000000000000000

Registers:
RAX=0x00000001291bbbc0, RBX=0x0000000000000000, RCX=0x6200b97773134957, RDX=0x00007fbf537867a0
RSP=0x00007fff5074d210, RBP=0x00007fff5074d220, RSI=0x00007fbf53404d60, RDI=0x0000000000000000
R8 =0x00007fff5074d0c0, R9 =0x00007fff724f7300, R10=0x0000000000000000, R11=0x0000000000000246
R12=0x00007fbf53609340, R13=0x00000000000f4268, R14=0x00007fbf537866b0, R15=0x00007fff5074d360
RIP=0x00000001291895dd, EFLAGS=0x0000000000010206, ERR=0x0000000000000004
  TRAPNO=0x000000000000000e

Top of Stack: (sp=0x00007fff5074d210)
0x00007fff5074d210:   00007fff5074d3f0 00007fbf537866b0
0x00007fff5074d220:   00007fff5074d230 00007fff8f069cdc
0x00007fff5074d230:   00007fff5074d590 00007fff8ef5b244
0x00007fff5074d240:   00007fbf550bb000 0000000000000a00
0x00007fff5074d250:   000000010f4ca000 00007fbf55ffc080
0x00007fff5074d260:   0000000000001001 0000000000000ea0
0x00007fff5074d270:   0000000000000004 00007fbf537866b0
0x00007fff5074d280:   0000000000000000 00007fff5074d360
0x00007fff5074d290:   0000000000000000 00007fbf53786670
0x00007fff5074d2a0:   00007fff5074d3e0 000000000000009c
0x00007fff5074d2b0:   00000000000f43c4 00007fbf55f83ce0
0x00007fff5074d2c0:   00007fbf53751280 00007fbf53609340
0x00007fff5074d2d0:   0000000000000001 00000000000f4268
0x00007fff5074d2e0:   00007fbf53609330 00007fff8e73aacb
0x00007fff5074d2f0:   0000000000000001 0000000000000001
0x00007fff5074d300:   0000000000000030 0000000000000001
0x00007fff5074d310:   00007fff5074d330 00007fff8e740231
0x00007fff5074d320:   00007fff73d58dd0 0000000000000000
0x00007fff5074d330:   00007fff5074d350 0000000000000008
0x00007fff5074d340:   0013dc030f4ca000 00007fbf53609364
0x00007fff5074d350:   0000000000000000 00007fff8ef50d1f
0x00007fff5074d360:   00007fbf537866b0 00007fff73d58dd0
0x00007fff5074d370:   00007fff5074d3f0 00007fff8ef5984f
0x00007fff5074d380:   00007fff5074d3f4 0000000000523301
0x00007fff5074d390:   000000010f4cda00 0000000000000002
0x00007fff5074d3a0:   000000010f4ca000 00007fbf55f843e2
0x00007fff5074d3b0:   0000000000000003 000000010f4ce400
0x00007fff5074d3c0:   00007fff5074d4b0 00007fff8e7392a2
0x00007fff5074d3d0:   00007fbf53750e10 00007fff5074d598
0x00007fff5074d3e0:   0000000000000017 0000000000000000
0x00007fff5074d3f0:   00000000000f4268 00007fff8ef51013
0x00007fff5074d400:   00007fff00000000 00007fbf53563410 

Instructions: (pc=0x00000001291895dd)
0x00000001291895bd:   89 df 4c 89 f1 41 ff 90 68 04 00 00 48 8d 05 f8
0x00000001291895cd:   24 03 00 48 8b 30 48 8d 05 e6 25 03 00 48 8b 10
0x00000001291895dd:   48 8b 0b 30 c0 48 89 df ff 91 68 04 00 00 48 8b
0x00000001291895ed:   03 48 89 df ff 50 78 48 85 c0 74 36 49 89 c6 48 

Register to memory mapping:

RAX=0x00000001291bbbc0: jScreenNotifySettingsChanged+0 in /Library/Java/JavaVirtualMachines/jdk1.8.0_40.jdk/Contents/Home/jre/lib/libglass.dylib at 0x0000000129174000
RBX=0x0000000000000000 is an unknown value
RCX=0x6200b97773134957 is an unknown value
RDX=0x00007fbf537867a0 is an unknown value
RSP=0x00007fff5074d210 is an unknown value
RBP=0x00007fff5074d220 is an unknown value
RSI=0x00007fbf53404d60 is a global jni handle
RDI=0x0000000000000000 is an unknown value
R8 =0x00007fff5074d0c0 is an unknown value
R9 =0x00007fff724f7300: _thread+0 in /usr/lib/system/libsystem_pthread.dylib at 0x00007fff844c3000
R10=0x0000000000000000 is an unknown value
R11=0x0000000000000246 is an unknown value
R12=0x00007fbf53609340 is an unknown value
R13=0x00000000000f4268 is an unknown value
R14=0x00007fbf537866b0 is an unknown value
R15=0x00007fff5074d360 is an unknown value


Stack: [0x00007fff4ff51000,0x00007fff50751000],  sp=0x00007fff5074d210,  free space=8176k
Native frames: (J=compiled Java code, j=interpreted, Vv=VM code, C=native code)
C  [libglass.dylib+0x155dd]  GlassScreenDidChangeScreenParameters+0x9d
C  [CoreFoundation+0x11ecdc]  __CFNOTIFICATIONCENTER_IS_CALLING_OUT_TO_AN_OBSERVER__+0xc
C  [CoreFoundation+0x10244]  _CFXNotificationPost+0xc44
C  [Foundation+0x2c31]  -[NSNotificationCenter postNotificationName:object:userInfo:]+0x42
C  [AppKit+0x36305e]  -[NSApplication _reactToScreenInvalidationImmediately:]+0x17b
C  [AppKit+0x362e9d]  __44-[NSApplication _reactToScreenInvalidation:]_block_invoke+0x4b
C  [CoreFoundation+0x8056c]  __CFRUNLOOP_IS_CALLING_OUT_TO_A_BLOCK__+0xc
C  [CoreFoundation+0x72675]  __CFRunLoopDoBlocks+0x155
C  [CoreFoundation+0x721b6]  __CFRunLoopRun+0x716
C  [CoreFoundation+0x71858]  CFRunLoopRunSpecific+0x128
C  [java+0x6490]  CreateExecutionEnvironment+0x367
C  [java+0x221c]  JLI_Launch+0x7a0
C  [java+0x84ed]  main+0x65
C  [java+0x1a74]  start+0x34


---------------  P R O C E S S  ---------------

VM state:not at safepoint (normal execution)

VM Mutex/Monitor currently owned by a thread: None

Heap:
 PSYoungGen      total 64000K, used 44167K [0x0000000795580000, 0x000000079a080000, 0x00000007c0000000)
  eden space 58880K, 66% used [0x0000000795580000,0x0000000797ba4720,0x0000000798f00000)
  from space 5120K, 99% used [0x0000000799b80000,0x000000079a07d658,0x000000079a080000)
  to   space 5120K, 0% used [0x0000000799680000,0x0000000799680000,0x0000000799b80000)
 ParOldGen       total 54272K, used 9723K [0x0000000740000000, 0x0000000743500000, 0x0000000795580000)
  object space 54272K, 17% used [0x0000000740000000,0x000000074097edb8,0x0000000743500000)
 Metaspace       used 31982K, capacity 33172K, committed 33408K, reserved 1077248K
  class space    used 4406K, capacity 4649K, committed 4736K, reserved 1048576K

Card table byte_map: [0x0000000120280000,0x0000000120681000] byte_map_base: 0x000000011c880000

Marking Bits: (ParMarkBitMap*) 0x00000001106c27a0
 Begin Bits: [0x0000000120d38000, 0x0000000122d38000)
 End Bits:   [0x0000000122d38000, 0x0000000124d38000)

Polling page: 0x000000010f5fc000

CodeCache: size=245760Kb used=11000Kb max_used=11017Kb free=234759Kb
 bounds [0x0000000110ec0000, 0x00000001119b0000, 0x000000011fec0000]
 total_blobs=4581 nmethods=3776 adapters=716
 compilation: enabled

Compilation events (10 events):
Event: 1910.606 Thread 0x00007fbf5385d800 4181       3       java.util.concurrent.locks.ReentrantLock::lockInterruptibly (9 bytes)
Event: 1910.607 Thread 0x00007fbf5385d800 nmethod 4181 0x00000001112c4750 code [0x00000001112c4900, 0x00000001112c4e18]
Event: 1910.607 Thread 0x00007fbf5385d800 4182       3       java.util.concurrent.locks.AbstractQueuedSynchronizer::acquireInterruptibly (28 bytes)
Event: 1910.607 Thread 0x00007fbf5385d800 nmethod 4182 0x0000000111376d50 code [0x0000000111376f00, 0x0000000111377338]
Event: 2600.678 Thread 0x00007fbf5385d800 4183       3       java.util.concurrent.ScheduledThreadPoolExecutor::now (4 bytes)
Event: 2600.679 Thread 0x00007fbf5385d800 nmethod 4183 0x0000000111353ed0 code [0x0000000111354040, 0x00000001113541b0]
Event: 2630.684 Thread 0x00007fbf5385d800 4184       3       java.util.concurrent.ScheduledThreadPoolExecutor::canRunInCurrentRunState (20 bytes)
Event: 2630.684 Thread 0x00007fbf5385d800 nmethod 4184 0x0000000111270910 code [0x0000000111270aa0, 0x0000000111270ef0]
Event: 2630.685 Thread 0x00007fbf5385d800 4185       3       java.util.concurrent.ThreadPoolExecutor::isRunningOrShutdown (31 bytes)
Event: 2630.686 Thread 0x00007fbf5385d800 nmethod 4185 0x0000000111353950 code [0x0000000111353ac0, 0x0000000111353df0]

GC Heap History (10 events):
Event: 5.872 GC heap before
{Heap before GC invocations=1 (full 0):
 PSYoungGen      total 38400K, used 33280K [0x0000000795580000, 0x0000000798000000, 0x00000007c0000000)
  eden space 33280K, 100% used [0x0000000795580000,0x0000000797600000,0x0000000797600000)
  from space 5120K, 0% used [0x0000000797b00000,0x0000000797b00000,0x0000000798000000)
  to   space 5120K, 0% used [0x0000000797600000,0x0000000797600000,0x0000000797b00000)
 ParOldGen       total 87552K, used 0K [0x0000000740000000, 0x0000000745580000, 0x0000000795580000)
  object space 87552K, 0% used [0x0000000740000000,0x0000000740000000,0x0000000745580000)
 Metaspace       used 13831K, capacity 14494K, committed 14592K, reserved 1060864K
  class space    used 2028K, capacity 2207K, committed 2304K, reserved 1048576K
Event: 5.884 GC heap after
Heap after GC invocations=1 (full 0):
 PSYoungGen      total 38400K, used 4002K [0x0000000795580000, 0x0000000798000000, 0x00000007c0000000)
  eden space 33280K, 0% used [0x0000000795580000,0x0000000795580000,0x0000000797600000)
  from space 5120K, 78% used [0x0000000797600000,0x00000007979e8ad0,0x0000000797b00000)
  to   space 5120K, 0% used [0x0000000797b00000,0x0000000797b00000,0x0000000798000000)
 ParOldGen       total 87552K, used 4112K [0x0000000740000000, 0x0000000745580000, 0x0000000795580000)
  object space 87552K, 4% used [0x0000000740000000,0x0000000740404020,0x0000000745580000)
 Metaspace       used 13831K, capacity 14494K, committed 14592K, reserved 1060864K
  class space    used 2028K, capacity 2207K, committed 2304K, reserved 1048576K
}
Event: 6.390 GC heap before
{Heap before GC invocations=2 (full 0):
 PSYoungGen      total 38400K, used 37282K [0x0000000795580000, 0x0000000798000000, 0x00000007c0000000)
  eden space 33280K, 100% used [0x0000000795580000,0x0000000797600000,0x0000000797600000)
  from space 5120K, 78% used [0x0000000797600000,0x00000007979e8ad0,0x0000000797b00000)
  to   space 5120K, 0% used [0x0000000797b00000,0x0000000797b00000,0x0000000798000000)
 ParOldGen       total 87552K, used 4112K [0x0000000740000000, 0x0000000745580000, 0x0000000795580000)
  object space 87552K, 4% used [0x0000000740000000,0x0000000740404020,0x0000000745580000)
 Metaspace       used 18926K, capacity 19588K, committed 19840K, reserved 1067008K
  class space    used 2742K, capacity 2944K, committed 2944K, reserved 1048576K
Event: 6.401 GC heap after
Heap after GC invocations=2 (full 0):
 PSYoungGen      total 38400K, used 5105K [0x0000000795580000, 0x000000079a080000, 0x00000007c0000000)
  eden space 33280K, 0% used [0x0000000795580000,0x0000000795580000,0x0000000797600000)
  from space 5120K, 99% used [0x0000000797b00000,0x0000000797ffc440,0x0000000798000000)
  to   space 5120K, 0% used [0x0000000797600000,0x0000000797600000,0x0000000797b00000)
 ParOldGen       total 87552K, used 6846K [0x0000000740000000, 0x0000000745580000, 0x0000000795580000)
  object space 87552K, 7% used [0x0000000740000000,0x00000007406af848,0x0000000745580000)
 Metaspace       used 18926K, capacity 19588K, committed 19840K, reserved 1067008K
  class space    used 2742K, capacity 2944K, committed 2944K, reserved 1048576K
}
Event: 6.554 GC heap before
{Heap before GC invocations=3 (full 0):
 PSYoungGen      total 38400K, used 11980K [0x0000000795580000, 0x000000079a080000, 0x00000007c0000000)
  eden space 33280K, 20% used [0x0000000795580000,0x0000000795c36e00,0x0000000797600000)
  from space 5120K, 99% used [0x0000000797b00000,0x0000000797ffc440,0x0000000798000000)
  to   space 5120K, 0% used [0x0000000797600000,0x0000000797600000,0x0000000797b00000)
 ParOldGen       total 87552K, used 6846K [0x0000000740000000, 0x0000000745580000, 0x0000000795580000)
  object space 87552K, 7% used [0x0000000740000000,0x00000007406af848,0x0000000745580000)
 Metaspace       used 20581K, capacity 21188K, committed 21248K, reserved 1067008K
  class space    used 2898K, capacity 3072K, committed 3072K, reserved 1048576K
Event: 6.563 GC heap after
Heap after GC invocations=3 (full 0):
 PSYoungGen      total 38400K, used 5098K [0x0000000795580000, 0x000000079a080000, 0x00000007c0000000)
  eden space 33280K, 0% used [0x0000000795580000,0x0000000795580000,0x0000000797600000)
  from space 5120K, 99% used [0x0000000797600000,0x0000000797afaa58,0x0000000797b00000)
  to   space 5120K, 0% used [0x0000000799b80000,0x0000000799b80000,0x000000079a080000)
 ParOldGen       total 87552K, used 8738K [0x0000000740000000, 0x0000000745580000, 0x0000000795580000)
  object space 87552K, 9% used [0x0000000740000000,0x0000000740888b38,0x0000000745580000)
 Metaspace       used 20581K, capacity 21188K, committed 21248K, reserved 1067008K
  class space    used 2898K, capacity 3072K, committed 3072K, reserved 1048576K
}
Event: 6.563 GC heap before
{Heap before GC invocations=4 (full 1):
 PSYoungGen      total 38400K, used 5098K [0x0000000795580000, 0x000000079a080000, 0x00000007c0000000)
  eden space 33280K, 0% used [0x0000000795580000,0x0000000795580000,0x0000000797600000)
  from space 5120K, 99% used [0x0000000797600000,0x0000000797afaa58,0x0000000797b00000)
  to   space 5120K, 0% used [0x0000000799b80000,0x0000000799b80000,0x000000079a080000)
 ParOldGen       total 87552K, used 8738K [0x0000000740000000, 0x0000000745580000, 0x0000000795580000)
  object space 87552K, 9% used [0x0000000740000000,0x0000000740888b38,0x0000000745580000)
 Metaspace       used 20581K, capacity 21188K, committed 21248K, reserved 1067008K
  class space    used 2898K, capacity 3072K, committed 3072K, reserved 1048576K
Event: 6.604 GC heap after
Heap after GC invocations=4 (full 1):
 PSYoungGen      total 38400K, used 0K [0x0000000795580000, 0x000000079a080000, 0x00000007c0000000)
  eden space 33280K, 0% used [0x0000000795580000,0x0000000795580000,0x0000000797600000)
  from space 5120K, 0% used [0x0000000797600000,0x0000000797600000,0x0000000797b00000)
  to   space 5120K, 0% used [0x0000000799b80000,0x0000000799b80000,0x000000079a080000)
 ParOldGen       total 54272K, used 9028K [0x0000000740000000, 0x0000000743500000, 0x0000000795580000)
  object space 54272K, 16% used [0x0000000740000000,0x00000007408d1078,0x0000000743500000)
 Metaspace       used 20581K, capacity 21188K, committed 21248K, reserved 1067008K
  class space    used 2898K, capacity 3072K, committed 3072K, reserved 1048576K
}
Event: 7.445 GC heap before
{Heap before GC invocations=5 (full 1):
 PSYoungGen      total 38400K, used 33280K [0x0000000795580000, 0x000000079a080000, 0x00000007c0000000)
  eden space 33280K, 100% used [0x0000000795580000,0x0000000797600000,0x0000000797600000)
  from space 5120K, 0% used [0x0000000797600000,0x0000000797600000,0x0000000797b00000)
  to   space 5120K, 0% used [0x0000000799b80000,0x0000000799b80000,0x000000079a080000)
 ParOldGen       total 54272K, used 9028K [0x0000000740000000, 0x0000000743500000, 0x0000000795580000)
  object space 54272K, 16% used [0x0000000740000000,0x00000007408d1078,0x0000000743500000)
 Metaspace       used 26743K, capacity 27402K, committed 27776K, reserved 1073152K
  class space    used 3718K, capacity 3905K, committed 3968K, reserved 1048576K
Event: 7.454 GC heap after
Heap after GC invocations=5 (full 1):
 PSYoungGen      total 64000K, used 5109K [0x0000000795580000, 0x000000079a080000, 0x00000007c0000000)
  eden space 58880K, 0% used [0x0000000795580000,0x0000000795580000,0x0000000798f00000)
  from space 5120K, 99% used [0x0000000799b80000,0x000000079a07d658,0x000000079a080000)
  to   space 5120K, 0% used [0x0000000799680000,0x0000000799680000,0x0000000799b80000)
 ParOldGen       total 54272K, used 9723K [0x0000000740000000, 0x0000000743500000, 0x0000000795580000)
  object space 54272K, 17% used [0x0000000740000000,0x000000074097edb8,0x0000000743500000)
 Metaspace       used 26743K, capacity 27402K, committed 27776K, reserved 1073152K
  class space    used 3718K, capacity 3905K, committed 3968K, reserved 1048576K
}

Deoptimization events (10 events):
Event: 28.407 Thread 0x00007fbf5408d000 Uncommon trap: reason=class_check action=maybe_recompile pc=0x0000000111776ff0 method=java.util.regex.Pattern$Branch.match(Ljava/util/regex/Matcher;ILjava/lang/CharSequence;)Z @ 50
Event: 28.407 Thread 0x00007fbf5408d000 Uncommon trap: reason=bimorphic action=maybe_recompile pc=0x000000011177724c method=java.util.regex.Pattern$Branch.match(Ljava/util/regex/Matcher;ILjava/lang/CharSequence;)Z @ 32
Event: 31.387 Thread 0x00007fbf5408d000 Uncommon trap: reason=class_check action=maybe_recompile pc=0x0000000111776ff0 method=java.util.regex.Pattern$Branch.match(Ljava/util/regex/Matcher;ILjava/lang/CharSequence;)Z @ 50
Event: 31.387 Thread 0x00007fbf5408d000 Uncommon trap: reason=bimorphic action=maybe_recompile pc=0x000000011177724c method=java.util.regex.Pattern$Branch.match(Ljava/util/regex/Matcher;ILjava/lang/CharSequence;)Z @ 32
Event: 33.086 Thread 0x00007fbf5408d000 Uncommon trap: reason=class_check action=maybe_recompile pc=0x0000000111776ff0 method=java.util.regex.Pattern$Branch.match(Ljava/util/regex/Matcher;ILjava/lang/CharSequence;)Z @ 50
Event: 63.305 Thread 0x00007fbf5408d000 Uncommon trap: reason=unstable_if action=reinterpret pc=0x000000011191f544 method=com.sun.javafx.scene.control.behavior.KeyBinding.getSpecificity(Ljavafx/scene/control/Control;Ljavafx/scene/input/KeyEvent;)I @ 93
Event: 156.915 Thread 0x00007fbf5408d000 Uncommon trap: reason=unstable_if action=reinterpret pc=0x00000001110a0330 method=java.util.concurrent.locks.ReentrantLock$NonfairSync.lock()V @ 6
Event: 156.915 Thread 0x00007fbf5408d000 Uncommon trap: reason=unstable_if action=reinterpret pc=0x000000011153c1b8 method=java.util.concurrent.locks.ReentrantLock$Sync.nonfairTryAcquire(I)Z @ 10
Event: 156.915 Thread 0x00007fbf5408d000 Uncommon trap: reason=unstable_if action=reinterpret pc=0x00000001118d5c64 method=java.util.concurrent.locks.ReentrantLock$Sync.tryRelease(I)Z @ 28
Event: 156.915 Thread 0x00007fbf5494a800 Uncommon trap: reason=unstable_if action=reinterpret pc=0x0000000111375824 method=java.util.concurrent.locks.AbstractQueuedSynchronizer$ConditionObject.checkInterruptWhileWaiting(Ljava/util/concurrent/locks/AbstractQueuedSynchronizer$Node;)I @ 3

Internal exceptions (10 events):
Event: 6.428 Thread 0x00007fbf5408d000 Implicit null exception at 0x0000000111324df3 to 0x0000000111325199
Event: 6.841 Thread 0x00007fbf5408d000 Exception <a 'java/lang/NullPointerException'> (0x00000007957f8318) thrown at [/Users/java_re/workspace/8-2-build-macosx-x86_64/jdk8u40/3098/hotspot/src/share/vm/runtime/reflection.cpp, line 921]
Event: 6.841 Thread 0x00007fbf5408d000 Implicit null exception at 0x00000001110e7735 to 0x00000001110e7a89
Event: 6.940 Thread 0x00007fbf5408d000 Exception <a 'java/lang/ArrayIndexOutOfBoundsException'> (0x0000000795ba8730) thrown at [/Users/java_re/workspace/8-2-build-macosx-x86_64/jdk8u40/3098/hotspot/src/share/vm/runtime/sharedRuntime.cpp, line 605]
Event: 6.983 Thread 0x00007fbf5408d000 Exception <a 'java/lang/ArrayIndexOutOfBoundsException'> (0x0000000795e1aa90) thrown at [/Users/java_re/workspace/8-2-build-macosx-x86_64/jdk8u40/3098/hotspot/src/share/vm/runtime/sharedRuntime.cpp, line 605]
Event: 6.985 Thread 0x00007fbf5408d000 Exception <a 'java/lang/ArrayIndexOutOfBoundsException'> (0x0000000795e2bb50) thrown at [/Users/java_re/workspace/8-2-build-macosx-x86_64/jdk8u40/3098/hotspot/src/share/vm/runtime/sharedRuntime.cpp, line 605]
Event: 6.986 Thread 0x00007fbf5408d000 Exception <a 'java/lang/ArrayIndexOutOfBoundsException'> (0x0000000795e2d870) thrown at [/Users/java_re/workspace/8-2-build-macosx-x86_64/jdk8u40/3098/hotspot/src/share/vm/runtime/sharedRuntime.cpp, line 605]
Event: 6.998 Thread 0x00007fbf5408d000 Exception <a 'java/lang/ArrayIndexOutOfBoundsException'> (0x0000000795e9aa50) thrown at [/Users/java_re/workspace/8-2-build-macosx-x86_64/jdk8u40/3098/hotspot/src/share/vm/runtime/sharedRuntime.cpp, line 605]
Event: 7.032 Thread 0x00007fbf5408d000 Exception <a 'java/lang/ArrayIndexOutOfBoundsException': 110> (0x0000000795fd2190) thrown at [/Users/java_re/workspace/8-2-build-macosx-x86_64/jdk8u40/3098/hotspot/src/share/vm/interpreter/interpreterRuntime.cpp, line 366]
Event: 7.033 Thread 0x00007fbf5408d000 Exception <a 'java/lang/ArrayIndexOutOfBoundsException': 110> (0x0000000795fd7428) thrown at [/Users/java_re/workspace/8-2-build-macosx-x86_64/jdk8u40/3098/hotspot/src/share/vm/interpreter/interpreterRuntime.cpp, line 366]

Events (10 events):
Event: 156.916 Thread 0x00007fbf5408d000 Thread exited: 0x00007fbf5408d000
Event: 1910.607 Thread 0x00007fbf5385d800 flushing nmethod 0x0000000111038e90
Event: 2630.685 Thread 0x00007fbf5385d800 flushing nmethod 0x0000000111200410
Event: 2630.686 Thread 0x00007fbf5385d800 flushing nmethod 0x0000000111271e50
Event: 2630.686 Thread 0x00007fbf5385d800 flushing nmethod 0x0000000111275490
Event: 2630.686 Thread 0x00007fbf5385d800 flushing nmethod 0x0000000111275a10
Event: 2630.686 Thread 0x00007fbf5385d800 flushing nmethod 0x000000011127a850
Event: 2630.686 Thread 0x00007fbf5385d800 flushing nmethod 0x0000000111280750
Event: 2630.686 Thread 0x00007fbf5385d800 flushing nmethod 0x0000000111280f50
Event: 2630.686 Thread 0x00007fbf5385d800 flushing nmethod 0x0000000111285210


Dynamic libraries:
0x0000000001d46000 	/System/Library/Frameworks/Cocoa.framework/Versions/A/Cocoa
0x0000000001d46000 	/System/Library/Frameworks/Security.framework/Versions/A/Security
0x0000000001d46000 	/System/Library/Frameworks/ApplicationServices.framework/Versions/A/ApplicationServices
0x0000000001d46000 	/usr/lib/libz.1.dylib
0x0000000001d46000 	/usr/lib/libSystem.B.dylib
0x0000000001d46000 	/usr/lib/libobjc.A.dylib
0x0000000001d46000 	/System/Library/Frameworks/CoreFoundation.framework/Versions/A/CoreFoundation
0x0000000001d46000 	/System/Library/Frameworks/Foundation.framework/Versions/C/Foundation
0x0000000001d46000 	/System/Library/Frameworks/AppKit.framework/Versions/C/AppKit
0x0000000001d46000 	/System/Library/Frameworks/CoreData.framework/Versions/A/CoreData
0x0000000001d46000 	/System/Library/PrivateFrameworks/RemoteViewServices.framework/Versions/A/RemoteViewServices
0x0000000001d46000 	/System/Library/PrivateFrameworks/UIFoundation.framework/Versions/A/UIFoundation
0x0000000001d46000 	/System/Library/Frameworks/IOSurface.framework/Versions/A/IOSurface
0x0000000001d46000 	/System/Library/Frameworks/AudioToolbox.framework/Versions/A/AudioToolbox
0x0000000001d46000 	/System/Library/Frameworks/AudioUnit.framework/Versions/A/AudioUnit
0x0000000001d46000 	/System/Library/PrivateFrameworks/DataDetectorsCore.framework/Versions/A/DataDetectorsCore
0x0000000001d46000 	/System/Library/PrivateFrameworks/DesktopServicesPriv.framework/Versions/A/DesktopServicesPriv
0x0000000001d46000 	/System/Library/Frameworks/Carbon.framework/Versions/A/Frameworks/HIToolbox.framework/Versions/A/HIToolbox
0x0000000001d46000 	/System/Library/Frameworks/QuartzCore.framework/Versions/A/QuartzCore
0x0000000001d46000 	/System/Library/Frameworks/Carbon.framework/Versions/A/Frameworks/SpeechRecognition.framework/Versions/A/SpeechRecognition
0x0000000001d46000 	/usr/lib/libauto.dylib
0x0000000001d46000 	/usr/lib/libicucore.A.dylib
0x0000000001d46000 	/usr/lib/libxml2.2.dylib
0x0000000001d46000 	/System/Library/PrivateFrameworks/CoreUI.framework/Versions/A/CoreUI
0x0000000001d46000 	/System/Library/Frameworks/CoreAudio.framework/Versions/A/CoreAudio
0x0000000001d46000 	/System/Library/Frameworks/DiskArbitration.framework/Versions/A/DiskArbitration
0x0000000001d46000 	/usr/lib/liblangid.dylib
0x0000000001d46000 	/System/Library/PrivateFrameworks/MultitouchSupport.framework/Versions/A/MultitouchSupport
0x0000000001d46000 	/System/Library/Frameworks/IOKit.framework/Versions/A/IOKit
0x0000000001d46000 	/usr/lib/libDiagnosticMessagesClient.dylib
0x0000000001d46000 	/System/Library/Frameworks/CoreServices.framework/Versions/A/CoreServices
0x0000000001d46000 	/System/Library/PrivateFrameworks/PerformanceAnalysis.framework/Versions/A/PerformanceAnalysis
0x0000000001d46000 	/System/Library/PrivateFrameworks/GenerationalStorage.framework/Versions/A/GenerationalStorage
0x0000000001d46000 	/System/Library/Frameworks/OpenGL.framework/Versions/A/OpenGL
0x0000000001d46000 	/System/Library/PrivateFrameworks/Sharing.framework/Versions/A/Sharing
0x0000000001d46000 	/System/Library/Frameworks/CoreGraphics.framework/Versions/A/CoreGraphics
0x0000000001d46000 	/System/Library/Frameworks/CoreText.framework/Versions/A/CoreText
0x0000000001d46000 	/System/Library/Frameworks/ImageIO.framework/Versions/A/ImageIO
0x0000000001d46000 	/usr/lib/libextension.dylib
0x0000000001d46000 	/System/Library/PrivateFrameworks/Backup.framework/Versions/A/Backup
0x0000000001d46000 	/usr/lib/libarchive.2.dylib
0x0000000001d46000 	/System/Library/Frameworks/CFNetwork.framework/Versions/A/CFNetwork
0x0000000001d46000 	/System/Library/Frameworks/SystemConfiguration.framework/Versions/A/SystemConfiguration
0x0000000001d46000 	/usr/lib/libCRFSuite.dylib
0x0000000001d46000 	/usr/lib/libc++.1.dylib
0x0000000001d46000 	/usr/lib/libc++abi.dylib
0x0000000001d46000 	/usr/lib/system/libcache.dylib
0x0000000001d46000 	/usr/lib/system/libcommonCrypto.dylib
0x0000000001d46000 	/usr/lib/system/libcompiler_rt.dylib
0x0000000001d46000 	/usr/lib/system/libcopyfile.dylib
0x0000000001d46000 	/usr/lib/system/libcorecrypto.dylib
0x0000000001d46000 	/usr/lib/system/libdispatch.dylib
0x0000000001d46000 	/usr/lib/system/libdyld.dylib
0x0000000001d46000 	/usr/lib/system/libkeymgr.dylib
0x0000000001d46000 	/usr/lib/system/liblaunch.dylib
0x0000000001d46000 	/usr/lib/system/libmacho.dylib
0x0000000001d46000 	/usr/lib/system/libquarantine.dylib
0x0000000001d46000 	/usr/lib/system/libremovefile.dylib
0x0000000001d46000 	/usr/lib/system/libsystem_asl.dylib
0x0000000001d46000 	/usr/lib/system/libsystem_blocks.dylib
0x0000000001d46000 	/usr/lib/system/libsystem_c.dylib
0x0000000001d46000 	/usr/lib/system/libsystem_configuration.dylib
0x0000000001d46000 	/usr/lib/system/libsystem_coreservices.dylib
0x0000000001d46000 	/usr/lib/system/libsystem_coretls.dylib
0x0000000001d46000 	/usr/lib/system/libsystem_dnssd.dylib
0x0000000001d46000 	/usr/lib/system/libsystem_info.dylib
0x0000000001d46000 	/usr/lib/system/libsystem_kernel.dylib
0x0000000001d46000 	/usr/lib/system/libsystem_m.dylib
0x0000000001d46000 	/usr/lib/system/libsystem_malloc.dylib
0x0000000001d46000 	/usr/lib/system/libsystem_network.dylib
0x0000000001d46000 	/usr/lib/system/libsystem_networkextension.dylib
0x0000000001d46000 	/usr/lib/system/libsystem_notify.dylib
0x0000000001d46000 	/usr/lib/system/libsystem_platform.dylib
0x0000000001d46000 	/usr/lib/system/libsystem_pthread.dylib
0x0000000001d46000 	/usr/lib/system/libsystem_sandbox.dylib
0x0000000001d46000 	/usr/lib/system/libsystem_secinit.dylib
0x0000000001d46000 	/usr/lib/system/libsystem_stats.dylib
0x0000000001d46000 	/usr/lib/system/libsystem_trace.dylib
0x0000000001d46000 	/usr/lib/system/libunc.dylib
0x0000000001d46000 	/usr/lib/system/libunwind.dylib
0x0000000001d46000 	/usr/lib/system/libxpc.dylib
0x0000000001d46000 	/usr/lib/libbz2.1.0.dylib
0x0000000001d46000 	/usr/lib/liblzma.5.dylib
0x0000000001d46000 	/usr/lib/libbsm.0.dylib
0x0000000001d46000 	/usr/lib/libsqlite3.dylib
0x0000000001d46000 	/usr/lib/system/libkxld.dylib
0x0000000001d46000 	/usr/lib/libxar.1.dylib
0x0000000001d46000 	/usr/lib/libpam.2.dylib
0x0000000001d46000 	/usr/lib/libOpenScriptingUtil.dylib
0x0000000001d46000 	/System/Library/Frameworks/CoreServices.framework/Versions/A/Frameworks/FSEvents.framework/Versions/A/FSEvents
0x0000000001d46000 	/System/Library/Frameworks/CoreServices.framework/Versions/A/Frameworks/CarbonCore.framework/Versions/A/CarbonCore
0x0000000001d46000 	/System/Library/Frameworks/CoreServices.framework/Versions/A/Frameworks/Metadata.framework/Versions/A/Metadata
0x0000000001d46000 	/System/Library/Frameworks/CoreServices.framework/Versions/A/Frameworks/OSServices.framework/Versions/A/OSServices
0x0000000001d46000 	/System/Library/Frameworks/CoreServices.framework/Versions/A/Frameworks/SearchKit.framework/Versions/A/SearchKit
0x0000000001d46000 	/System/Library/Frameworks/CoreServices.framework/Versions/A/Frameworks/AE.framework/Versions/A/AE
0x0000000001d46000 	/System/Library/Frameworks/CoreServices.framework/Versions/A/Frameworks/LaunchServices.framework/Versions/A/LaunchServices
0x0000000001d46000 	/System/Library/Frameworks/CoreServices.framework/Versions/A/Frameworks/DictionaryServices.framework/Versions/A/DictionaryServices
0x0000000001d46000 	/System/Library/Frameworks/NetFS.framework/Versions/A/NetFS
0x0000000001d46000 	/System/Library/PrivateFrameworks/NetAuth.framework/Versions/A/NetAuth
0x0000000001d46000 	/System/Library/PrivateFrameworks/login.framework/Versions/A/Frameworks/loginsupport.framework/Versions/A/loginsupport
0x0000000001d46000 	/System/Library/PrivateFrameworks/TCC.framework/Versions/A/TCC
0x0000000001d46000 	/usr/lib/libmecabra.dylib
0x0000000001d46000 	/System/Library/Frameworks/ApplicationServices.framework/Versions/A/Frameworks/ATS.framework/Versions/A/ATS
0x0000000001d46000 	/System/Library/Frameworks/ApplicationServices.framework/Versions/A/Frameworks/ColorSync.framework/Versions/A/ColorSync
0x0000000001d46000 	/System/Library/Frameworks/ApplicationServices.framework/Versions/A/Frameworks/HIServices.framework/Versions/A/HIServices
0x0000000001d46000 	/System/Library/Frameworks/ApplicationServices.framework/Versions/A/Frameworks/LangAnalysis.framework/Versions/A/LangAnalysis
0x0000000001d46000 	/System/Library/Frameworks/ApplicationServices.framework/Versions/A/Frameworks/PrintCore.framework/Versions/A/PrintCore
0x0000000001d46000 	/System/Library/Frameworks/ApplicationServices.framework/Versions/A/Frameworks/QD.framework/Versions/A/QD
0x0000000001d46000 	/System/Library/Frameworks/ApplicationServices.framework/Versions/A/Frameworks/SpeechSynthesis.framework/Versions/A/SpeechSynthesis
0x0000000001d46000 	/System/Library/Frameworks/Accelerate.framework/Versions/A/Accelerate
0x0000000001d46000 	/System/Library/Frameworks/Accelerate.framework/Versions/A/Frameworks/vImage.framework/Versions/A/vImage
0x0000000001d46000 	/System/Library/Frameworks/Accelerate.framework/Versions/A/Frameworks/vecLib.framework/Versions/A/vecLib
0x0000000001d46000 	/System/Library/Frameworks/Accelerate.framework/Versions/A/Frameworks/vecLib.framework/Versions/A/libvDSP.dylib
0x0000000001d46000 	/System/Library/Frameworks/Accelerate.framework/Versions/A/Frameworks/vecLib.framework/Versions/A/libvMisc.dylib
0x0000000001d46000 	/System/Library/Frameworks/Accelerate.framework/Versions/A/Frameworks/vecLib.framework/Versions/A/libLAPACK.dylib
0x0000000001d46000 	/System/Library/Frameworks/Accelerate.framework/Versions/A/Frameworks/vecLib.framework/Versions/A/libBLAS.dylib
0x0000000001d46000 	/System/Library/Frameworks/Accelerate.framework/Versions/A/Frameworks/vecLib.framework/Versions/A/libLinearAlgebra.dylib
0x0000000001d46000 	/System/Library/Frameworks/ApplicationServices.framework/Versions/A/Frameworks/ATS.framework/Versions/A/Resources/libFontParser.dylib
0x0000000001d46000 	/System/Library/Frameworks/ApplicationServices.framework/Versions/A/Frameworks/ATS.framework/Versions/A/Resources/libFontRegistry.dylib
0x0000000001d46000 	/System/Library/PrivateFrameworks/AppleVPA.framework/Versions/A/AppleVPA
0x0000000001d46000 	/System/Library/PrivateFrameworks/AppleJPEG.framework/Versions/A/AppleJPEG
0x0000000001d46000 	/System/Library/Frameworks/ImageIO.framework/Versions/A/Resources/libJPEG.dylib
0x0000000001d46000 	/System/Library/Frameworks/ImageIO.framework/Versions/A/Resources/libTIFF.dylib
0x0000000001d46000 	/System/Library/Frameworks/ImageIO.framework/Versions/A/Resources/libPng.dylib
0x0000000001d46000 	/System/Library/Frameworks/ImageIO.framework/Versions/A/Resources/libGIF.dylib
0x0000000001d46000 	/System/Library/Frameworks/ImageIO.framework/Versions/A/Resources/libJP2.dylib
0x0000000001d46000 	/System/Library/Frameworks/ImageIO.framework/Versions/A/Resources/libRadiance.dylib
0x0000000001d46000 	/System/Library/Frameworks/CoreVideo.framework/Versions/A/CoreVideo
0x0000000001d46000 	/System/Library/Frameworks/OpenGL.framework/Versions/A/Libraries/libGLU.dylib
0x0000000001d46000 	/System/Library/Frameworks/OpenGL.framework/Versions/A/Libraries/libGFXShared.dylib
0x0000000001d46000 	/System/Library/Frameworks/OpenGL.framework/Versions/A/Libraries/libGL.dylib
0x0000000001d46000 	/System/Library/Frameworks/OpenGL.framework/Versions/A/Libraries/libGLImage.dylib
0x0000000001d46000 	/System/Library/Frameworks/OpenGL.framework/Versions/A/Libraries/libCVMSPluginSupport.dylib
0x0000000001d46000 	/System/Library/Frameworks/OpenGL.framework/Versions/A/Libraries/libCoreVMClient.dylib
0x0000000001d46000 	/usr/lib/libcups.2.dylib
0x0000000001d46000 	/System/Library/Frameworks/Kerberos.framework/Versions/A/Kerberos
0x0000000001d46000 	/System/Library/Frameworks/GSS.framework/Versions/A/GSS
0x0000000001d46000 	/usr/lib/libresolv.9.dylib
0x0000000001d46000 	/usr/lib/libiconv.2.dylib
0x0000000001d46000 	/System/Library/PrivateFrameworks/Heimdal.framework/Versions/A/Heimdal
0x0000000001d46000 	/usr/lib/libheimdal-asn1.dylib
0x0000000001d46000 	/System/Library/Frameworks/OpenDirectory.framework/Versions/A/OpenDirectory
0x0000000001d46000 	/System/Library/PrivateFrameworks/CommonAuth.framework/Versions/A/CommonAuth
0x0000000001d46000 	/System/Library/Frameworks/OpenDirectory.framework/Versions/A/Frameworks/CFOpenDirectory.framework/Versions/A/CFOpenDirectory
0x0000000001d46000 	/System/Library/Frameworks/SecurityFoundation.framework/Versions/A/SecurityFoundation
0x0000000001d46000 	/System/Library/PrivateFrameworks/LanguageModeling.framework/Versions/A/LanguageModeling
0x0000000001d46000 	/usr/lib/libcmph.dylib
0x0000000001d46000 	/System/Library/Frameworks/ServiceManagement.framework/Versions/A/ServiceManagement
0x0000000001d46000 	/usr/lib/libxslt.1.dylib
0x0000000001d46000 	/System/Library/Frameworks/Carbon.framework/Versions/A/Frameworks/Ink.framework/Versions/A/Ink
0x0000000001d46000 	/System/Library/Frameworks/QuartzCore.framework/Versions/A/Frameworks/CoreImage.framework/Versions/A/CoreImage
0x0000000001d46000 	/System/Library/PrivateFrameworks/CrashReporterSupport.framework/Versions/A/CrashReporterSupport
0x0000000001d46000 	/System/Library/Frameworks/OpenCL.framework/Versions/A/OpenCL
0x0000000001d46000 	/System/Library/PrivateFrameworks/FaceCore.framework/Versions/A/FaceCore
0x0000000001d46000 	/System/Library/PrivateFrameworks/Ubiquity.framework/Versions/A/Ubiquity
0x0000000001d46000 	/System/Library/PrivateFrameworks/IconServices.framework/Versions/A/IconServices
0x0000000001d46000 	/System/Library/PrivateFrameworks/ChunkingLibrary.framework/Versions/A/ChunkingLibrary
0x0000000001d46000 	/System/Library/PrivateFrameworks/Apple80211.framework/Versions/A/Apple80211
0x0000000001d46000 	/System/Library/Frameworks/CoreWLAN.framework/Versions/A/CoreWLAN
0x0000000001d46000 	/System/Library/Frameworks/IOBluetooth.framework/Versions/A/IOBluetooth
0x0000000001d46000 	/System/Library/PrivateFrameworks/CoreWiFi.framework/Versions/A/CoreWiFi
0x0000000001d46000 	/System/Library/Frameworks/CoreBluetooth.framework/Versions/A/CoreBluetooth
0x0000000001d46000 	/System/Library/PrivateFrameworks/DebugSymbols.framework/Versions/A/DebugSymbols
0x0000000001d46000 	/System/Library/PrivateFrameworks/CoreSymbolication.framework/Versions/A/CoreSymbolication
0x0000000001d46000 	/System/Library/PrivateFrameworks/Symbolication.framework/Versions/A/Symbolication
0x0000000001d46000 	/System/Library/PrivateFrameworks/SpeechRecognitionCore.framework/Versions/A/SpeechRecognitionCore
0x00000000551fb000 	/System/Library/CoreServices/Encodings/libCyrillicConverter.dylib
0x000000010fe00000 	/Library/Java/JavaVirtualMachines/jdk1.8.0_40.jdk/Contents/Home/jre/lib/server/libjvm.dylib
0x0000000001d46000 	/usr/lib/libstdc++.6.dylib
0x0000000110e6c000 	/Library/Java/JavaVirtualMachines/jdk1.8.0_40.jdk/Contents/Home/jre/lib/libverify.dylib
0x0000000110e7a000 	/Library/Java/JavaVirtualMachines/jdk1.8.0_40.jdk/Contents/Home/jre/lib/libjava.dylib
0x0000000110eb7000 	/Library/Java/JavaVirtualMachines/jdk1.8.0_40.jdk/Contents/Home/jre/lib/libzip.dylib
0x0000000126f0f000 	/System/Library/Frameworks/JavaVM.framework/Frameworks/JavaRuntimeSupport.framework/JavaRuntimeSupport
0x0000000126f25000 	/System/Library/Frameworks/JavaVM.framework/Versions/A/Frameworks/JavaNativeFoundation.framework/Versions/A/JavaNativeFoundation
0x0000000126f39000 	/System/Library/Frameworks/JavaVM.framework/Versions/A/JavaVM
0x0000000001d46000 	/System/Library/Frameworks/Carbon.framework/Versions/A/Carbon
0x0000000126f45000 	/System/Library/PrivateFrameworks/JavaLaunching.framework/Versions/A/JavaLaunching
0x0000000001d46000 	/System/Library/Frameworks/Carbon.framework/Versions/A/Frameworks/CommonPanels.framework/Versions/A/CommonPanels
0x0000000001d46000 	/System/Library/Frameworks/Carbon.framework/Versions/A/Frameworks/Help.framework/Versions/A/Help
0x0000000001d46000 	/System/Library/Frameworks/Carbon.framework/Versions/A/Frameworks/ImageCapture.framework/Versions/A/ImageCapture
0x0000000001d46000 	/System/Library/Frameworks/Carbon.framework/Versions/A/Frameworks/OpenScripting.framework/Versions/A/OpenScripting
0x0000000001d46000 	/System/Library/Frameworks/Carbon.framework/Versions/A/Frameworks/Print.framework/Versions/A/Print
0x0000000001d46000 	/System/Library/Frameworks/Carbon.framework/Versions/A/Frameworks/SecurityHI.framework/Versions/A/SecurityHI
0x0000000128f01000 	/Library/Java/JavaVirtualMachines/jdk1.8.0_40.jdk/Contents/Home/jre/lib/libprism_es2.dylib
0x0000000001d46000 	/System/Library/Frameworks/OpenGL.framework/Versions/A/Resources/GLEngine.bundle/GLEngine
0x0000000001d46000 	/System/Library/Frameworks/OpenGL.framework/Versions/A/Libraries/libGLProgrammability.dylib
0x0000000000000000 	/System/Library/Extensions/AppleIntelHD3000GraphicsGLDriver.bundle/Contents/MacOS/AppleIntelHD3000GraphicsGLDriver
0x0000000128f7f000 	/System/Library/PrivateFrameworks/GPUSupport.framework/Versions/A/Libraries/libGPUSupport.dylib
0x0000000001d46000 	/System/Library/Frameworks/OpenGL.framework/Versions/A/Resources/GLRendererFloat.bundle/GLRendererFloat
0x0000000001d46000 	/System/Library/Frameworks/OpenCL.framework/Versions/A/Libraries/libcldcpuengine.dylib
0x0000000001d46000 	/System/Library/PrivateFrameworks/DiskImages.framework/Versions/A/DiskImages
0x0000000001d46000 	/System/Library/Frameworks/DiscRecording.framework/Versions/A/DiscRecording
0x0000000001d46000 	/usr/lib/libcsfde.dylib
0x0000000001d46000 	/usr/lib/libcurl.4.dylib
0x0000000001d46000 	/System/Library/PrivateFrameworks/MediaKit.framework/Versions/A/MediaKit
0x0000000001d46000 	/System/Library/PrivateFrameworks/ProtectedCloudStorage.framework/Versions/A/ProtectedCloudStorage
0x0000000001d46000 	/usr/lib/libCoreStorage.dylib
0x0000000001d46000 	/System/Library/PrivateFrameworks/EFILogin.framework/Versions/A/EFILogin
0x0000000001d46000 	/usr/lib/libutil.dylib
0x0000000001d46000 	/System/Library/PrivateFrameworks/FindMyDevice.framework/Versions/A/FindMyDevice
0x0000000001d46000 	/System/Library/Frameworks/LDAP.framework/Versions/A/LDAP
0x0000000001d46000 	/usr/lib/libsasl2.2.dylib
0x0000000001d46000 	/System/Library/PrivateFrameworks/CoreDaemon.framework/Versions/B/CoreDaemon
0x0000000001d46000 	/usr/lib/libcrypto.0.9.8.dylib
0x0000000001d46000 	/System/Library/PrivateFrameworks/AppleSRP.framework/Versions/A/AppleSRP
0x0000000001d46000 	/System/Library/PrivateFrameworks/TrustEvaluationAgent.framework/Versions/A/TrustEvaluationAgent
0x0000000129174000 	/Library/Java/JavaVirtualMachines/jdk1.8.0_40.jdk/Contents/Home/jre/lib/libglass.dylib
0x0000000001d46000 	/System/Library/PrivateFrameworks/CoreServicesInternal.framework/Versions/A/CoreServicesInternal
0x0000000001d46000 	/System/Library/PrivateFrameworks/CloudDocs.framework/Versions/A/CloudDocs
0x0000000001d46000 	/System/Library/PrivateFrameworks/CoreDuet.framework/Versions/A/CoreDuet
0x0000000001d46000 	/System/Library/Frameworks/CloudKit.framework/Versions/A/CloudKit
0x0000000001d46000 	/System/Library/PrivateFrameworks/ProtocolBuffer.framework/Versions/A/ProtocolBuffer
0x0000000001d46000 	/System/Library/PrivateFrameworks/CoreDuetDaemonProtocol.framework/Versions/A/CoreDuetDaemonProtocol
0x0000000001d46000 	/System/Library/PrivateFrameworks/CoreDuetDebugLogging.framework/Versions/A/CoreDuetDebugLogging
0x0000000001d46000 	/System/Library/Frameworks/CoreLocation.framework/Versions/A/CoreLocation
0x0000000001d46000 	/System/Library/Frameworks/Accounts.framework/Versions/A/Accounts
0x0000000001d46000 	/System/Library/PrivateFrameworks/ApplePushService.framework/Versions/A/ApplePushService
0x0000000001d46000 	/System/Library/PrivateFrameworks/GeoServices.framework/Versions/A/GeoServices
0x0000000001d46000 	/System/Library/PrivateFrameworks/OAuth.framework/Versions/A/OAuth
0x0000000001d46000 	/System/Library/Frameworks/CoreGraphics.framework/Versions/A/Resources/libCGCMS.A.dylib
0x0000000001d46000 	/System/Library/CoreServices/RawCamera.bundle/Contents/MacOS/RawCamera
0x0000000001d46000 	/System/Library/Frameworks/CoreGraphics.framework/Versions/A/Resources/libRIP.A.dylib
0x0000000001d46000 	/System/Library/PrivateFrameworks/FamilyControls.framework/Versions/A/FamilyControls
0x0000000001d46000 	/System/Library/PrivateFrameworks/CommerceKit.framework/Versions/A/Frameworks/CommerceCore.framework/Versions/A/CommerceCore
0x0000000001d46000 	/System/Library/PrivateFrameworks/SystemAdministration.framework/Versions/A/SystemAdministration
0x0000000001d46000 	/System/Library/PrivateFrameworks/AppContainer.framework/Versions/A/AppContainer
0x0000000001d46000 	/System/Library/PrivateFrameworks/SecCodeWrapper.framework/Versions/A/SecCodeWrapper
0x0000000001d46000 	/System/Library/Frameworks/DirectoryService.framework/Versions/A/DirectoryService
0x0000000001d46000 	/System/Library/PrivateFrameworks/LoginUIKit.framework/Versions/A/Frameworks/LoginUICore.framework/Versions/A/LoginUICore
0x0000000001d46000 	/usr/lib/libodfde.dylib
0x000000012a4da000 	/Library/Java/JavaVirtualMachines/jdk1.8.0_40.jdk/Contents/Home/jre/lib/libjavafx_font.dylib
0x0000000001d46000 	/System/Library/Frameworks/CoreGraphics.framework/Versions/A/Resources/libCGXType.A.dylib
0x000000012d5aa000 	cl_kernels
0x000000012e39a000 	/System/Library/Frameworks/OpenCL.framework/Versions/A/Libraries/ImageFormats/unorm8_bgra.dylib
0x000000012e558000 	cl_kernels
0x000000012f28f000 	/Library/Java/JavaVirtualMachines/jdk1.8.0_40.jdk/Contents/Home/jre/lib/libprism_common.dylib
0x00000001302b6000 	/Library/Java/JavaVirtualMachines/jdk1.8.0_40.jdk/Contents/Home/jre/lib/libnet.dylib

VM Arguments:
jvm_args: -Dfile.encoding=UTF-8 
java_command: /Users/inoob/Documents/git/SWD/dist/run355755/SWD.jar
java_class_path (initial): /Users/inoob/Documents/git/SWD/dist/run355755/SWD.jar
Launcher Type: SUN_STANDARD

Environment Variables:
PATH=/usr/bin:/bin:/usr/sbin:/sbin
LD_LIBRARY_PATH=/Library/Java/JavaVirtualMachines/jdk1.8.0_40.jdk/Contents/Home/jre/lib/amd64:/Library/Java/JavaVirtualMachines/jdk1.8.0_40.jdk/Contents/Home/jre/lib/i386:
SHELL=/bin/bash
DYLD_LIBRARY_PATH=/Applications/NetBeans/NetBeans 8.0.2.app/Contents/Resources/NetBeans/webcommon/bin:

Signal Handlers:
SIGSEGV: [libjvm.dylib+0x58ef95], sa_mask[0]=11111111011111110111111111111111, sa_flags=SA_ONSTACK|SA_RESTART|SA_SIGINFO
SIGBUS: [libjvm.dylib+0x58ef95], sa_mask[0]=11111111011111110111111111111111, sa_flags=SA_RESTART|SA_SIGINFO
SIGFPE: [libjvm.dylib+0x46c118], sa_mask[0]=11111111011111110111111111111111, sa_flags=SA_RESTART|SA_SIGINFO
SIGPIPE: [libjvm.dylib+0x46c118], sa_mask[0]=11111111011111110111111111111111, sa_flags=SA_RESTART|SA_SIGINFO
SIGXFSZ: [libjvm.dylib+0x46c118], sa_mask[0]=11111111011111110111111111111111, sa_flags=SA_RESTART|SA_SIGINFO
SIGILL: [libjvm.dylib+0x46c118], sa_mask[0]=11111111011111110111111111111111, sa_flags=SA_RESTART|SA_SIGINFO
SIGUSR1: SIG_DFL, sa_mask[0]=00000000000000000000000000000000, sa_flags=none
SIGUSR2: [libjvm.dylib+0x46bc36], sa_mask[0]=00100000000000000000000000000000, sa_flags=SA_RESTART|SA_SIGINFO
SIGHUP: [libjvm.dylib+0x46a209], sa_mask[0]=11111111011111110111111111111111, sa_flags=SA_RESTART|SA_SIGINFO
SIGINT: SIG_IGN, sa_mask[0]=00000000000000000000000000000000, sa_flags=none
SIGTERM: [libjvm.dylib+0x46a209], sa_mask[0]=11111111011111110111111111111111, sa_flags=SA_RESTART|SA_SIGINFO
SIGQUIT: [libjvm.dylib+0x46a209], sa_mask[0]=11111111011111110111111111111111, sa_flags=SA_RESTART|SA_SIGINFO


---------------  S Y S T E M  ---------------

OS:Bsduname:Darwin 14.1.0 Darwin Kernel Version 14.1.0: Thu Feb 26 19:26:47 PST 2015; root:xnu-2782.10.73~1/RELEASE_X86_64 x86_64
rlimit: STACK 8192k, CORE 0k, NPROC 709, NOFILE 10240, AS infinity
load average:1.47 1.48 3.02

CPU:total 4 (2 cores per cpu, 2 threads per core) family 6 model 42 stepping 7, cmov, cx8, fxsr, mmx, sse, sse2, sse3, ssse3, sse4.1, sse4.2, popcnt, avx, aes, clmul, ht, tsc, tscinvbit

Memory: 4k page, physical 8388608k(373848k free)

/proc/meminfo:


vm_info: Java HotSpot(TM) 64-Bit Server VM (25.40-b25) for bsd-amd64 JRE (1.8.0_40-b26), built on Mar  7 2015 13:53:55 by "java_re" with gcc 4.2.1 (Based on Apple Inc. build 5658) (LLVM build 2336.11.00)

time: Sun Mar 15 23:39:13 2015
elapsed time: 2966 seconds (0d 0h 49m 26s)

